<?xml version="1.0" encoding="UTF-8"?>
<testng-results ignored="2" total="3" passed="0" failed="1" skipped="0">
  <reporter-output>
  </reporter-output>
  <suite started-at="2024-10-29T15:32:49 IST" name="Default suite" finished-at="2024-10-29T15:34:12 IST" duration-ms="83277">
    <groups>
      <group name="regressionTest">
        <method signature="Create_Contact_Test.createContactTest()[pri:0, instance:com.vtiger.crm.contactpomtest.Create_Contact_Test@30c15d8b]" name="createContactTest" class="com.vtiger.crm.contactpomtest.Create_Contact_Test"/>
      </group> <!-- regressionTest -->
      <group name="smokeTest">
        <method signature="Create_Contact_Test.createContactTest()[pri:0, instance:com.vtiger.crm.contactpomtest.Create_Contact_Test@30c15d8b]" name="createContactTest" class="com.vtiger.crm.contactpomtest.Create_Contact_Test"/>
      </group> <!-- smokeTest -->
    </groups>
    <test started-at="2024-10-29T15:32:49 IST" name="Default test" finished-at="2024-10-29T15:34:12 IST" duration-ms="83277">
      <class name="com.vtiger.crm.contactpomtest.Create_Contact_Test">
        <test-method is-config="true" signature="configBS()[pri:0, instance:com.vtiger.crm.contactpomtest.Create_Contact_Test@30c15d8b]" started-at="2024-10-29T15:32:48 IST" name="configBS" finished-at="2024-10-29T15:32:49 IST" duration-ms="812" status="PASS">
          <reporter-output>
          </reporter-output>
        </test-method> <!-- configBS -->
        <test-method is-config="true" signature="configBC(java.lang.String)[pri:0, instance:com.vtiger.crm.contactpomtest.Create_Contact_Test@30c15d8b]" started-at="2024-10-29T15:32:49 IST" name="configBC" finished-at="2024-10-29T15:33:02 IST" duration-ms="12777" status="PASS">
          <params>
            <param index="0">
              <value>
                <![CDATA[chrome]]>
              </value>
            </param>
          </params>
          <reporter-output>
          </reporter-output>
        </test-method> <!-- configBC -->
        <test-method is-config="true" signature="configBM()[pri:0, instance:com.vtiger.crm.contactpomtest.Create_Contact_Test@30c15d8b]" started-at="2024-10-29T15:33:02 IST" name="configBM" finished-at="2024-10-29T15:33:33 IST" duration-ms="31046" status="PASS">
          <reporter-output>
          </reporter-output>
        </test-method> <!-- configBM -->
        <test-method signature="createContactTest()[pri:0, instance:com.vtiger.crm.contactpomtest.Create_Contact_Test@30c15d8b]" started-at="2024-10-29T15:33:33 IST" name="createContactTest" finished-at="2024-10-29T15:34:09 IST" duration-ms="35842" status="FAIL">
          <exception class="java.lang.AssertionError">
            <message>
              <![CDATA[expected [false] but found [true]]]>
            </message>
            <full-stacktrace>
              <![CDATA[java.lang.AssertionError: expected [false] but found [true]
at org.testng.Assert.fail(Assert.java:110)
at org.testng.Assert.failNotEquals(Assert.java:1577)
at org.testng.Assert.assertEqualsImpl(Assert.java:149)
at org.testng.Assert.assertEquals(Assert.java:131)
at org.testng.Assert.assertEquals(Assert.java:1066)
at org.testng.Assert.assertEquals(Assert.java:1030)
at org.testng.Assert.assertEquals(Assert.java:1076)
at com.vtiger.crm.contactpomtest.Create_Contact_Test.createContactTest(Create_Contact_Test.java:58)
at java.base/jdk.internal.reflect.NativeMethodAccessorImpl.invoke0(Native Method)
at java.base/jdk.internal.reflect.NativeMethodAccessorImpl.invoke(NativeMethodAccessorImpl.java:77)
at java.base/jdk.internal.reflect.DelegatingMethodAccessorImpl.invoke(DelegatingMethodAccessorImpl.java:43)
at java.base/java.lang.reflect.Method.invoke(Method.java:568)
at org.testng.internal.invokers.MethodInvocationHelper.invokeMethod(MethodInvocationHelper.java:139)
at org.testng.internal.invokers.TestInvoker.invokeMethod(TestInvoker.java:677)
at org.testng.internal.invokers.TestInvoker.invokeTestMethod(TestInvoker.java:221)
at org.testng.internal.invokers.MethodRunner.runInSequence(MethodRunner.java:50)
at org.testng.internal.invokers.TestInvoker$MethodInvocationAgent.invoke(TestInvoker.java:969)
at org.testng.internal.invokers.TestInvoker.invokeTestMethods(TestInvoker.java:194)
at org.testng.internal.invokers.TestMethodWorker.invokeTestMethods(TestMethodWorker.java:148)
at org.testng.internal.invokers.TestMethodWorker.run(TestMethodWorker.java:128)
at java.base/java.util.ArrayList.forEach(ArrayList.java:1511)
at org.testng.TestRunner.privateRun(TestRunner.java:829)
at org.testng.TestRunner.run(TestRunner.java:602)
at org.testng.SuiteRunner.runTest(SuiteRunner.java:437)
at org.testng.SuiteRunner.runSequentially(SuiteRunner.java:431)
at org.testng.SuiteRunner.privateRun(SuiteRunner.java:391)
at org.testng.SuiteRunner.run(SuiteRunner.java:330)
at org.testng.SuiteRunnerWorker.runSuite(SuiteRunnerWorker.java:52)
at org.testng.SuiteRunnerWorker.run(SuiteRunnerWorker.java:95)
at org.testng.TestNG.runSuitesSequentially(TestNG.java:1256)
at org.testng.TestNG.runSuitesLocally(TestNG.java:1176)
at org.testng.TestNG.runSuites(TestNG.java:1099)
at org.testng.TestNG.run(TestNG.java:1067)
at org.testng.remote.AbstractRemoteTestNG.run(AbstractRemoteTestNG.java:115)
at org.testng.remote.RemoteTestNG.initAndRun(RemoteTestNG.java:293)
at org.testng.remote.RemoteTestNG.main(RemoteTestNG.java:91)
]]>
            </full-stacktrace>
          </exception> <!-- java.lang.AssertionError -->
          <reporter-output>
          </reporter-output>
        </test-method> <!-- createContactTest -->
        <test-method is-config="true" signature="configAM()[pri:0, instance:com.vtiger.crm.contactpomtest.Create_Contact_Test@30c15d8b]" started-at="2024-10-29T15:34:09 IST" name="configAM" finished-at="2024-10-29T15:34:12 IST" duration-ms="2803" status="PASS">
          <reporter-output>
          </reporter-output>
        </test-method> <!-- configAM -->
        <test-method is-config="true" signature="configAC()[pri:0, instance:com.vtiger.crm.contactpomtest.Create_Contact_Test@30c15d8b]" started-at="2024-10-29T15:34:12 IST" name="configAC" finished-at="2024-10-29T15:34:12 IST" duration-ms="422" status="PASS">
          <reporter-output>
          </reporter-output>
        </test-method> <!-- configAC -->
        <test-method is-config="true" signature="configAS()[pri:0, instance:com.vtiger.crm.contactpomtest.Create_Contact_Test@30c15d8b]" started-at="2024-10-29T15:34:12 IST" name="configAS" finished-at="2024-10-29T15:34:12 IST" duration-ms="6" status="PASS">
          <reporter-output>
          </reporter-output>
        </test-method> <!-- configAS -->
      </class> <!-- com.vtiger.crm.contactpomtest.Create_Contact_Test -->
    </test> <!-- Default test -->
  </suite> <!-- Default suite -->
</testng-results>
