<?xml version="1.0" encoding="UTF-8"?>
<!-- Generated by org.testng.reporters.JUnitXMLReporter -->
<testsuite ignored="2" hostname="DESKTOP-5SFAHUT" failures="1" tests="1" name="Default test(failed)(failed)" time="52.857" errors="0" timestamp="2024-10-24T11:17:04 IST">
  <testcase classname="com.vtiger.crm.opportunitiespomtest.Create_Opportunities_Test" name="createOpportunitiesWithAmountTest" time="35.758">
    <failure type="java.lang.AssertionError" message="expected [true] but found [false]">
      <![CDATA[java.lang.AssertionError: expected [true] but found [false]
at com.vtiger.crm.opportunitiespomtest.Create_Opportunities_Test.createOpportunitiesWithAmountTest(Create_Opportunities_Test.java:126)
at java.base/java.util.ArrayList.forEach(ArrayList.java:1511)
... Removed 34 stack frames]]>
    </failure>
  </testcase> <!-- createOpportunitiesWithAmountTest -->
  <testcase classname="com.vtiger.crm.opportunitiespomtest.Create_Opportunities_Test" name="createOpportunitiesTest" time="0.0">
    <ignored/>
  </testcase> <!-- createOpportunitiesTest -->
  <testcase classname="com.vtiger.crm.opportunitiespomtest.Create_Opportunities_Test" name="createOpportunitiesWithExpectedCloseDateTest" time="0.0">
    <ignored/>
  </testcase> <!-- createOpportunitiesWithExpectedCloseDateTest -->
</testsuite> <!-- Default test(failed)(failed) -->
